<?xml version="1.0" encoding="UTF-8"?>
<testng-results ignored="0" total="1" passed="1" failed="0" skipped="0">
  <reporter-output>
  </reporter-output>
  <suite started-at="2023-12-19T12:38:23 MEZ" name="User" finished-at="2023-12-19T12:38:39 MEZ" duration-ms="16047">
    <groups>
    </groups>
    <test started-at="2023-12-19T12:38:23 MEZ" name="User" finished-at="2023-12-19T12:38:39 MEZ" duration-ms="16047">
      <class name="com.demoqa.tests.TextBoxTests">
        <test-method is-config="true" signature="init()[pri:0, instance:com.demoqa.tests.TextBoxTests@55b53d44]" started-at="2023-12-19T12:38:23 MEZ" name="init" finished-at="2023-12-19T12:38:34 MEZ" duration-ms="10482" status="PASS">
          <reporter-output>
          </reporter-output>
        </test-method> <!-- init -->
        <test-method is-config="true" signature="precondition()[pri:0, instance:com.demoqa.tests.TextBoxTests@55b53d44]" started-at="2023-12-19T12:38:34 MEZ" name="precondition" finished-at="2023-12-19T12:38:36 MEZ" duration-ms="2663" status="PASS">
          <reporter-output>
          </reporter-output>
        </test-method> <!-- precondition -->
        <test-method signature="keyBoardEventTest(java.lang.String,java.lang.String,java.lang.String)[pri:0, instance:com.demoqa.tests.TextBoxTests@55b53d44]" started-at="2023-12-19T12:38:36 MEZ" name="keyBoardEventTest" finished-at="2023-12-19T12:38:39 MEZ" duration-ms="2736" status="PASS">
          <params>
            <param index="0">
              <value>
                <![CDATA[Till Lindemann]]>
              </value>
            </param>
            <param index="1">
              <value>
                <![CDATA[em@gm.com]]>
              </value>
            </param>
            <param index="2">
              <value>
                <![CDATA[Strasse 14]]>
              </value>
            </param>
          </params>
          <reporter-output>
          </reporter-output>
        </test-method> <!-- keyBoardEventTest -->
      </class> <!-- com.demoqa.tests.TextBoxTests -->
    </test> <!-- User -->
  </suite> <!-- User -->
</testng-results>
